           johnson_u -0.003
           johnson_b -0.004
           johnson_v -0.002
           cousins_r -0.005
           cousins_i -0.011
         wfpc2_f170w -0.003
         wfpc2_f255w -0.003
         wfpc2_f300w -0.004
         wfpc2_f336w -0.003
         wfpc2_f380w -0.003
         wfpc2_f439w -0.003
         wfpc2_f450w -0.004
         wfpc2_f467m -0.003
         wfpc2_f502n -0.009
         wfpc2_f547m -0.001
         wfpc2_f555w -0.003
         wfpc2_f569w -0.002
         wfpc2_f606w -0.004
         wfpc2_f656n -0.008
         wfpc2_f673n -0.007
         wfpc2_f675w -0.006
         wfpc2_f702w -0.007
        wfpc2_f785lp -0.014
         wfpc2_f791w -0.011
         wfpc2_f814w -0.012
        wfpc2_f850lp -0.016
       stisccd_50ccd -0.005
    stisccd_f28x50lp -0.007
      stisnuv_25mama -0.003
     stisnuv_f25srf2 -0.003
      stisnuv_f25qtz -0.003
    stisnuv_f25cn182 -0.004
     stisnuv_f25ciii -0.004
    stisnuv_f25cn270 -0.004
     stisnuv_f25mgii -0.003
      stisfuv_f25lya -0.000
      stisfuv_25mama -0.000
     stisfuv_f25srf2 -0.001
      stisfuv_f25qtz -0.001
        acswfc_f435w -0.003
        acswfc_f475w -0.004
        acswfc_f550m -0.000
        acswfc_f555w -0.003
        acswfc_f606w -0.004
        acswfc_f625w -0.004
        acswfc_f775w -0.011
        acswfc_f814w -0.012
       acswfc_f850lp -0.016
        acshrc_f220w -0.003
        acshrc_f250w -0.003
        acshrc_f330w -0.003
        acshrc_f435w -0.003
        acshrc_f475w -0.004
        acshrc_f550m -0.000
        acshrc_f555w -0.003
        acshrc_f606w -0.004
        acshrc_f625w -0.004
        acshrc_f775w -0.010
        acshrc_f814w -0.012
       acshrc_f850lp -0.016
       acssbc_f115lp -0.001
        acssbc_f122m -0.000
       acssbc_f125lp -0.001
       acssbc_f140lp -0.001
       acssbc_f150lp -0.001
       acssbc_f165lp -0.004
        nicmos_f110w -0.020
        nicmos_f160w -0.026
        nicmos_f187w -0.028
        nicmos_f190n -0.028
        nicmos_f205w -0.029
        nicmos_f222m -0.029
           galex_fuv -0.001
           galex_nuv -0.003
         stromgren_u -0.003
         stromgren_v -0.003
         stromgren_b -0.003
         stromgren_y  0.000
             tycho_b -0.003
             tycho_v -0.003
              sdss_u -0.003
              sdss_g -0.004
              sdss_r -0.004
              sdss_i -0.010
              sdss_z -0.016
             2mass_j -0.023
             2mass_h -0.027
            2mass_ks -0.029
