This is pdfTeX, Version 3.1415926-1.40.10 (TeX Live 2009) (format=latex 2009.11.7)  7 MAY 2010 12:33
entering extended mode
 %&-line parsing enabled.
**/Users/jgroh/temp/latex_figure_img_mod111_john_cut_v4_var_DP1_nowall_1em6_d02
3_065470_065780.tex

(/Users/jgroh/temp/latex_figure_img_mod111_john_cut_v4_var_DP1_nowall_1em6_d023
_065470_065780.tex
LaTeX2e <2009/09/24>
Babel <v3.8l> and hyphenation patterns for english, usenglishmax, dumylang, noh
yphenation, german-x-2009-06-19, ngerman-x-2009-06-19, ancientgreek, ibycus, ar
abic, basque, bulgarian, catalan, pinyin, coptic, croatian, czech, danish, dutc
h, esperanto, estonian, farsi, finnish, french, galician, german, ngerman, mono
greek, greek, hungarian, icelandic, indonesian, interlingua, irish, italian, ku
rmanji, latin, latvian, lithuanian, mongolian, mongolian2a, bokmal, nynorsk, po
lish, portuguese, romanian, russian, sanskrit, serbian, slovak, slovenian, span
ish, swedish, turkish, ukenglish, ukrainian, uppersorbian, welsh, loaded.
(/usr/local/texlive/2009/texmf-dist/tex/latex/base/article.cls
Document Class: article 2007/10/19 v1.4h Standard LaTeX document class
(/usr/local/texlive/2009/texmf-dist/tex/latex/base/size12.clo
File: size12.clo 2007/10/19 v1.4h Standard LaTeX file (size option)
)
\c@part=\count79
\c@section=\count80
\c@subsection=\count81
\c@subsubsection=\count82
\c@paragraph=\count83
\c@subparagraph=\count84
\c@figure=\count85
\c@table=\count86
\abovecaptionskip=\skip41
\belowcaptionskip=\skip42
\bibindent=\dimen102
)
(/usr/local/texlive/2009/texmf-dist/tex/latex/geometry/geometry.sty
Package: geometry 2008/12/21 v4.2 Page Geometry

(/usr/local/texlive/2009/texmf-dist/tex/latex/graphics/keyval.sty
Package: keyval 1999/03/16 v1.13 key=value parser (DPC)
\KV@toks@=\toks14
)
(/usr/local/texlive/2009/texmf-dist/tex/generic/oberdiek/ifpdf.sty
Package: ifpdf 2009/04/10 v2.0 Provides the ifpdf switch (HO)
Package ifpdf Info: pdfTeX in pdf mode not detected.
)
(/usr/local/texlive/2009/texmf-dist/tex/generic/oberdiek/ifvtex.sty
Package: ifvtex 2008/11/04 v1.4 Switches for detecting VTeX and its modes (HO)
Package ifvtex Info: VTeX not detected.
)
\Gm@cnth=\count87
\Gm@cntv=\count88
\c@Gm@tempcnt=\count89
\Gm@bindingoffset=\dimen103
\Gm@wd@mp=\dimen104
\Gm@odd@mp=\dimen105
\Gm@even@mp=\dimen106
\Gm@dimlist=\toks15

(/usr/local/texlive/2009/texmf-dist/tex/xelatex/xetexconfig/geometry.cfg))
(/usr/local/texlive/2009/texmf-dist/tex/latex/graphics/epsfig.sty
Package: epsfig 1999/02/16 v1.7a (e)psfig emulation (SPQR)

(/usr/local/texlive/2009/texmf-dist/tex/latex/graphics/graphicx.sty
Package: graphicx 1999/02/16 v1.0f Enhanced LaTeX Graphics (DPC,SPQR)

(/usr/local/texlive/2009/texmf-dist/tex/latex/graphics/graphics.sty
Package: graphics 2009/02/05 v1.0o Standard LaTeX Graphics (DPC,SPQR)

(/usr/local/texlive/2009/texmf-dist/tex/latex/graphics/trig.sty
Package: trig 1999/03/16 v1.09 sin cos tan (DPC)
)
(/usr/local/texlive/2009/texmf-dist/tex/latex/latexconfig/graphics.cfg
File: graphics.cfg 2009/08/28 v1.8 graphics configuration of TeX Live
)
Package graphics Info: Driver file: dvips.def on input line 91.

(/usr/local/texlive/2009/texmf-dist/tex/latex/graphics/dvips.def
File: dvips.def 1999/02/16 v3.0i Driver-dependant file (DPC,SPQR)
))
\Gin@req@height=\dimen107
\Gin@req@width=\dimen108
)
\epsfxsize=\dimen109
\epsfysize=\dimen110
)
(./latex_figure_img_mod111_john_cut_v4_var_DP1_nowall_1em6_d023_065470_065780.a
ux)
\openout1 = `latex_figure_img_mod111_john_cut_v4_var_DP1_nowall_1em6_d023_06547
0_065780.aux'.

LaTeX Font Info:    Checking defaults for OML/cmm/m/it on input line 10.
LaTeX Font Info:    ... okay on input line 10.
LaTeX Font Info:    Checking defaults for T1/cmr/m/n on input line 10.
LaTeX Font Info:    ... okay on input line 10.
LaTeX Font Info:    Checking defaults for OT1/cmr/m/n on input line 10.
LaTeX Font Info:    ... okay on input line 10.
LaTeX Font Info:    Checking defaults for OMS/cmsy/m/n on input line 10.
LaTeX Font Info:    ... okay on input line 10.
LaTeX Font Info:    Checking defaults for OMX/cmex/m/n on input line 10.
LaTeX Font Info:    ... okay on input line 10.
LaTeX Font Info:    Checking defaults for U/cmr/m/n on input line 10.
LaTeX Font Info:    ... okay on input line 10.

*geometry auto-detecting driver*
*geometry detected driver: dvips*
-------------------- Geometry parameters
paper: a4paper
landscape: --
twocolumn: --
twoside: --
asymmetric: --
h-parts: 89.62709pt, 0.7\paperwidth , 89.6271pt (default)
v-parts: 101.40665pt, 0.7\paperheight , 152.11pt (default)
hmarginratio: 1:1
vmarginratio: 2:3
lines: --
heightrounded: --
bindingoffset: 0.0pt
truedimen: --
includehead: --
includefoot: --
includemp: --
driver: dvips
-------------------- Page layout dimensions and switches
\paperwidth  597.50787pt
\paperheight 845.04684pt
\textwidth  418.25368pt
\textheight 591.5302pt
\oddsidemargin  17.3571pt
\evensidemargin 17.3571pt
\topmargin  -7.86334pt
\headheight 12.0pt
\headsep    25.0pt
\footskip   30.0pt
\marginparwidth 44.0pt
\marginparsep   10.0pt
\columnsep  10.0pt
\skip\footins  10.8pt plus 4.0pt minus 2.0pt
\hoffset 0.0pt
\voffset 0.0pt
\mag 1000

(1in=72.27pt, 1cm=28.45pt)
-----------------------
File: /Users/jgroh/temp/img_mod111_john_cut_v4_var_DP1_nowall_1em6_d023_065470.
eps Graphic file (type eps)

</Users/jgroh/temp/img_mod111_john_cut_v4_var_DP1_nowall_1em6_d023_065470.eps>
File: /Users/jgroh/temp/img_mod111_john_cut_v4_var_DP1_nowall_1em6_d023_065476.
eps Graphic file (type eps)

</Users/jgroh/temp/img_mod111_john_cut_v4_var_DP1_nowall_1em6_d023_065476.eps>
File: /Users/jgroh/temp/img_mod111_john_cut_v4_var_DP1_nowall_1em6_d023_065482.
eps Graphic file (type eps)

</Users/jgroh/temp/img_mod111_john_cut_v4_var_DP1_nowall_1em6_d023_065482.eps>
File: /Users/jgroh/temp/img_mod111_john_cut_v4_var_DP1_nowall_1em6_d023_065488.
eps Graphic file (type eps)

</Users/jgroh/temp/img_mod111_john_cut_v4_var_DP1_nowall_1em6_d023_065488.eps>
File: /Users/jgroh/temp/img_mod111_john_cut_v4_var_DP1_nowall_1em6_d023_065494.
eps Graphic file (type eps)

</Users/jgroh/temp/img_mod111_john_cut_v4_var_DP1_nowall_1em6_d023_065494.eps>
File: /Users/jgroh/temp/img_mod111_john_cut_v4_var_DP1_nowall_1em6_d023_065500.
eps Graphic file (type eps)

</Users/jgroh/temp/img_mod111_john_cut_v4_var_DP1_nowall_1em6_d023_065500.eps>
File: /Users/jgroh/temp/img_mod111_john_cut_v4_var_DP1_nowall_1em6_d023_065506.
eps Graphic file (type eps)

</Users/jgroh/temp/img_mod111_john_cut_v4_var_DP1_nowall_1em6_d023_065506.eps>
File: /Users/jgroh/temp/img_mod111_john_cut_v4_var_DP1_nowall_1em6_d023_065512.
eps Graphic file (type eps)

</Users/jgroh/temp/img_mod111_john_cut_v4_var_DP1_nowall_1em6_d023_065512.eps>
File: /Users/jgroh/temp/img_mod111_john_cut_v4_var_DP1_nowall_1em6_d023_065518.
eps Graphic file (type eps)

</Users/jgroh/temp/img_mod111_john_cut_v4_var_DP1_nowall_1em6_d023_065518.eps>
File: /Users/jgroh/temp/img_mod111_john_cut_v4_var_DP1_nowall_1em6_d023_065524.
eps Graphic file (type eps)

</Users/jgroh/temp/img_mod111_john_cut_v4_var_DP1_nowall_1em6_d023_065524.eps>
File: /Users/jgroh/temp/img_mod111_john_cut_v4_var_DP1_nowall_1em6_d023_065530.
eps Graphic file (type eps)

</Users/jgroh/temp/img_mod111_john_cut_v4_var_DP1_nowall_1em6_d023_065530.eps>
File: /Users/jgroh/temp/img_mod111_john_cut_v4_var_DP1_nowall_1em6_d023_065536.
eps Graphic file (type eps)

</Users/jgroh/temp/img_mod111_john_cut_v4_var_DP1_nowall_1em6_d023_065536.eps>
File: /Users/jgroh/temp/img_mod111_john_cut_v4_var_DP1_nowall_1em6_d023_065542.
eps Graphic file (type eps)

</Users/jgroh/temp/img_mod111_john_cut_v4_var_DP1_nowall_1em6_d023_065542.eps>
File: /Users/jgroh/temp/img_mod111_john_cut_v4_var_DP1_nowall_1em6_d023_065548.
eps Graphic file (type eps)

</Users/jgroh/temp/img_mod111_john_cut_v4_var_DP1_nowall_1em6_d023_065548.eps>
File: /Users/jgroh/temp/img_mod111_john_cut_v4_var_DP1_nowall_1em6_d023_065554.
eps Graphic file (type eps)

</Users/jgroh/temp/img_mod111_john_cut_v4_var_DP1_nowall_1em6_d023_065554.eps>
File: /Users/jgroh/temp/img_mod111_john_cut_v4_var_DP1_nowall_1em6_d023_065560.
eps Graphic file (type eps)

</Users/jgroh/temp/img_mod111_john_cut_v4_var_DP1_nowall_1em6_d023_065560.eps>
File: /Users/jgroh/temp/img_mod111_john_cut_v4_var_DP1_nowall_1em6_d023_065566.
eps Graphic file (type eps)

</Users/jgroh/temp/img_mod111_john_cut_v4_var_DP1_nowall_1em6_d023_065566.eps>
File: /Users/jgroh/temp/img_mod111_john_cut_v4_var_DP1_nowall_1em6_d023_065572.
eps Graphic file (type eps)

</Users/jgroh/temp/img_mod111_john_cut_v4_var_DP1_nowall_1em6_d023_065572.eps>
Underfull \hbox (badness 10000) in paragraph at lines 13--31

 []


LaTeX Warning: Float too large for page by 117.1461pt on input line 31.

File: /Users/jgroh/temp/img_mod111_john_cut_v4_var_DP1_nowall_1em6_d023_065578.
eps Graphic file (type eps)

</Users/jgroh/temp/img_mod111_john_cut_v4_var_DP1_nowall_1em6_d023_065578.eps>
File: /Users/jgroh/temp/img_mod111_john_cut_v4_var_DP1_nowall_1em6_d023_065584.
eps Graphic file (type eps)

</Users/jgroh/temp/img_mod111_john_cut_v4_var_DP1_nowall_1em6_d023_065584.eps>
File: /Users/jgroh/temp/img_mod111_john_cut_v4_var_DP1_nowall_1em6_d023_065590.
eps Graphic file (type eps)

</Users/jgroh/temp/img_mod111_john_cut_v4_var_DP1_nowall_1em6_d023_065590.eps>
File: /Users/jgroh/temp/img_mod111_john_cut_v4_var_DP1_nowall_1em6_d023_065596.
eps Graphic file (type eps)

</Users/jgroh/temp/img_mod111_john_cut_v4_var_DP1_nowall_1em6_d023_065596.eps>
File: /Users/jgroh/temp/img_mod111_john_cut_v4_var_DP1_nowall_1em6_d023_065602.
eps Graphic file (type eps)

</Users/jgroh/temp/img_mod111_john_cut_v4_var_DP1_nowall_1em6_d023_065602.eps>
File: /Users/jgroh/temp/img_mod111_john_cut_v4_var_DP1_nowall_1em6_d023_065608.
eps Graphic file (type eps)

</Users/jgroh/temp/img_mod111_john_cut_v4_var_DP1_nowall_1em6_d023_065608.eps>
File: /Users/jgroh/temp/img_mod111_john_cut_v4_var_DP1_nowall_1em6_d023_065614.
eps Graphic file (type eps)

</Users/jgroh/temp/img_mod111_john_cut_v4_var_DP1_nowall_1em6_d023_065614.eps>
File: /Users/jgroh/temp/img_mod111_john_cut_v4_var_DP1_nowall_1em6_d023_065620.
eps Graphic file (type eps)

</Users/jgroh/temp/img_mod111_john_cut_v4_var_DP1_nowall_1em6_d023_065620.eps>
File: /Users/jgroh/temp/img_mod111_john_cut_v4_var_DP1_nowall_1em6_d023_065626.
eps Graphic file (type eps)

</Users/jgroh/temp/img_mod111_john_cut_v4_var_DP1_nowall_1em6_d023_065626.eps>
File: /Users/jgroh/temp/img_mod111_john_cut_v4_var_DP1_nowall_1em6_d023_065632.
eps Graphic file (type eps)

</Users/jgroh/temp/img_mod111_john_cut_v4_var_DP1_nowall_1em6_d023_065632.eps>
File: /Users/jgroh/temp/img_mod111_john_cut_v4_var_DP1_nowall_1em6_d023_065638.
eps Graphic file (type eps)

</Users/jgroh/temp/img_mod111_john_cut_v4_var_DP1_nowall_1em6_d023_065638.eps>
File: /Users/jgroh/temp/img_mod111_john_cut_v4_var_DP1_nowall_1em6_d023_065644.
eps Graphic file (type eps)

</Users/jgroh/temp/img_mod111_john_cut_v4_var_DP1_nowall_1em6_d023_065644.eps>
File: /Users/jgroh/temp/img_mod111_john_cut_v4_var_DP1_nowall_1em6_d023_065650.
eps Graphic file (type eps)

</Users/jgroh/temp/img_mod111_john_cut_v4_var_DP1_nowall_1em6_d023_065650.eps>
File: /Users/jgroh/temp/img_mod111_john_cut_v4_var_DP1_nowall_1em6_d023_065656.
eps Graphic file (type eps)

</Users/jgroh/temp/img_mod111_john_cut_v4_var_DP1_nowall_1em6_d023_065656.eps>
File: /Users/jgroh/temp/img_mod111_john_cut_v4_var_DP1_nowall_1em6_d023_065662.
eps Graphic file (type eps)

</Users/jgroh/temp/img_mod111_john_cut_v4_var_DP1_nowall_1em6_d023_065662.eps>
File: /Users/jgroh/temp/img_mod111_john_cut_v4_var_DP1_nowall_1em6_d023_065668.
eps Graphic file (type eps)

</Users/jgroh/temp/img_mod111_john_cut_v4_var_DP1_nowall_1em6_d023_065668.eps>
File: /Users/jgroh/temp/img_mod111_john_cut_v4_var_DP1_nowall_1em6_d023_065674.
eps Graphic file (type eps)

</Users/jgroh/temp/img_mod111_john_cut_v4_var_DP1_nowall_1em6_d023_065674.eps>
File: /Users/jgroh/temp/img_mod111_john_cut_v4_var_DP1_nowall_1em6_d023_065680.
eps Graphic file (type eps)

</Users/jgroh/temp/img_mod111_john_cut_v4_var_DP1_nowall_1em6_d023_065680.eps>
Underfull \hbox (badness 10000) in paragraph at lines 33--51

 []


LaTeX Warning: Float too large for page by 117.1461pt on input line 51.

File: /Users/jgroh/temp/img_mod111_john_cut_v4_var_DP1_nowall_1em6_d023_065686.
eps Graphic file (type eps)

</Users/jgroh/temp/img_mod111_john_cut_v4_var_DP1_nowall_1em6_d023_065686.eps>
File: /Users/jgroh/temp/img_mod111_john_cut_v4_var_DP1_nowall_1em6_d023_065692.
eps Graphic file (type eps)

</Users/jgroh/temp/img_mod111_john_cut_v4_var_DP1_nowall_1em6_d023_065692.eps>
File: /Users/jgroh/temp/img_mod111_john_cut_v4_var_DP1_nowall_1em6_d023_065698.
eps Graphic file (type eps)

</Users/jgroh/temp/img_mod111_john_cut_v4_var_DP1_nowall_1em6_d023_065698.eps>
File: /Users/jgroh/temp/img_mod111_john_cut_v4_var_DP1_nowall_1em6_d023_065704.
eps Graphic file (type eps)

</Users/jgroh/temp/img_mod111_john_cut_v4_var_DP1_nowall_1em6_d023_065704.eps>
File: /Users/jgroh/temp/img_mod111_john_cut_v4_var_DP1_nowall_1em6_d023_065710.
eps Graphic file (type eps)

</Users/jgroh/temp/img_mod111_john_cut_v4_var_DP1_nowall_1em6_d023_065710.eps>
File: /Users/jgroh/temp/img_mod111_john_cut_v4_var_DP1_nowall_1em6_d023_065716.
eps Graphic file (type eps)

</Users/jgroh/temp/img_mod111_john_cut_v4_var_DP1_nowall_1em6_d023_065716.eps>
File: /Users/jgroh/temp/img_mod111_john_cut_v4_var_DP1_nowall_1em6_d023_065722.
eps Graphic file (type eps)

</Users/jgroh/temp/img_mod111_john_cut_v4_var_DP1_nowall_1em6_d023_065722.eps>
File: /Users/jgroh/temp/img_mod111_john_cut_v4_var_DP1_nowall_1em6_d023_065728.
eps Graphic file (type eps)

</Users/jgroh/temp/img_mod111_john_cut_v4_var_DP1_nowall_1em6_d023_065728.eps>
File: /Users/jgroh/temp/img_mod111_john_cut_v4_var_DP1_nowall_1em6_d023_065734.
eps Graphic file (type eps)

</Users/jgroh/temp/img_mod111_john_cut_v4_var_DP1_nowall_1em6_d023_065734.eps>
File: /Users/jgroh/temp/img_mod111_john_cut_v4_var_DP1_nowall_1em6_d023_065740.
eps Graphic file (type eps)

</Users/jgroh/temp/img_mod111_john_cut_v4_var_DP1_nowall_1em6_d023_065740.eps>
File: /Users/jgroh/temp/img_mod111_john_cut_v4_var_DP1_nowall_1em6_d023_065746.
eps Graphic file (type eps)

</Users/jgroh/temp/img_mod111_john_cut_v4_var_DP1_nowall_1em6_d023_065746.eps>
File: /Users/jgroh/temp/img_mod111_john_cut_v4_var_DP1_nowall_1em6_d023_065752.
eps Graphic file (type eps)

</Users/jgroh/temp/img_mod111_john_cut_v4_var_DP1_nowall_1em6_d023_065752.eps>
File: /Users/jgroh/temp/img_mod111_john_cut_v4_var_DP1_nowall_1em6_d023_065758.
eps Graphic file (type eps)

</Users/jgroh/temp/img_mod111_john_cut_v4_var_DP1_nowall_1em6_d023_065758.eps>
File: /Users/jgroh/temp/img_mod111_john_cut_v4_var_DP1_nowall_1em6_d023_065764.
eps Graphic file (type eps)

</Users/jgroh/temp/img_mod111_john_cut_v4_var_DP1_nowall_1em6_d023_065764.eps>
File: /Users/jgroh/temp/img_mod111_john_cut_v4_var_DP1_nowall_1em6_d023_065770.
eps Graphic file (type eps)

</Users/jgroh/temp/img_mod111_john_cut_v4_var_DP1_nowall_1em6_d023_065770.eps>
File: /Users/jgroh/temp/img_mod111_john_cut_v4_var_DP1_nowall_1em6_d023_065776.
eps Graphic file (type eps)

</Users/jgroh/temp/img_mod111_john_cut_v4_var_DP1_nowall_1em6_d023_065776.eps>

LaTeX Warning: Float too large for page by 102.6461pt on input line 69.

[1

] [2] [3] [4]
(./latex_figure_img_mod111_john_cut_v4_var_DP1_nowall_1em6_d023_065470_065780.a
ux) ) 
Here is how much of TeX's memory you used:
 1039 strings out of 493849
 20281 string characters out of 3149230
 67671 words of memory out of 3000000
 4310 multiletter control sequences out of 15000+200000
 4107 words of font info for 16 fonts, out of 3000000 for 9000
 714 hyphenation exceptions out of 8191
 32i,4n,21p,311b,268s stack positions out of 5000i,500n,10000p,200000b,50000s

Output written on latex_figure_img_mod111_john_cut_v4_var_DP1_nowall_1em6_d023_
065470_065780.dvi (4 pages, 18032 bytes).
